  [1m[35m (0.9ms)[0m  [1m[34mSELECT sqlite_version(*)[0m
  [1m[36mUserRegistration Load (0.6ms)[0m  [1m[34mSELECT "user_registrations".* FROM "user_registrations"[0m
  [1m[35m (0.2ms)[0m  [1m[36mbegin transaction[0m
  [1m[36mUserRegistration Destroy (2.5ms)[0m  [1m[31mDELETE FROM "user_registrations" WHERE "user_registrations"."id" = ?[0m  [["id", 5]]
  [1m[35m (866.6ms)[0m  [1m[36mcommit transaction[0m
  [1m[35m (0.1ms)[0m  [1m[36mbegin transaction[0m
  [1m[36mUserRegistration Destroy (0.5ms)[0m  [1m[31mDELETE FROM "user_registrations" WHERE "user_registrations"."id" = ?[0m  [["id", 6]]
  [1m[35m (1179.0ms)[0m  [1m[36mcommit transaction[0m
  [1m[36mImage Load (0.8ms)[0m  [1m[34mSELECT "images".* FROM "images" ORDER BY "images"."id" DESC LIMIT ?[0m  [["LIMIT", 1]]
  [1m[36mImage Load (0.3ms)[0m  [1m[34mSELECT "images".* FROM "images"[0m
  [1m[35m (0.1ms)[0m  [1m[36mbegin transaction[0m
  [1m[36mImage Destroy (2.1ms)[0m  [1m[31mDELETE FROM "images" WHERE "images"."id" = ?[0m  [["id", 3]]
  [1m[35m (225.2ms)[0m  [1m[36mcommit transaction[0m
  [1m[35m (0.1ms)[0m  [1m[36mbegin transaction[0m
  [1m[36mImage Destroy (0.4ms)[0m  [1m[31mDELETE FROM "images" WHERE "images"."id" = ?[0m  [["id", 8]]
  [1m[35m (158.7ms)[0m  [1m[36mcommit transaction[0m
Started GET "/user_registrations/new" for ::1 at 2021-07-02 11:30:33 +0530
  [1m[35m (2.6ms)[0m  [1m[34mSELECT sqlite_version(*)[0m
  [1m[35m (0.3ms)[0m  [1m[34mSELECT "schema_migrations"."version" FROM "schema_migrations" ORDER BY "schema_migrations"."version" ASC[0m
Processing by UserRegistrationsController#new as HTML
  Rendering user_registrations/new.html.erb within layouts/application
  Rendered user_registrations/new.html.erb within layouts/application (Duration: 84.0ms | Allocations: 7896)
[Webpacker] Everything's up-to-date. Nothing to do
Completed 200 OK in 171ms (Views: 122.8ms | ActiveRecord: 5.1ms | Allocations: 20411)


Started GET "/user_registrations/new" for ::1 at 2021-07-02 11:30:42 +0530
Processing by UserRegistrationsController#new as HTML
  Rendering user_registrations/new.html.erb within layouts/application
  Rendered user_registrations/new.html.erb within layouts/application (Duration: 5.6ms | Allocations: 617)
[Webpacker] Everything's up-to-date. Nothing to do
Completed 200 OK in 40ms (Views: 37.1ms | ActiveRecord: 0.0ms | Allocations: 4044)


Started GET "/user_registrations/new" for ::1 at 2021-07-02 11:30:45 +0530
Processing by UserRegistrationsController#new as HTML
  Rendering user_registrations/new.html.erb within layouts/application
  Rendered user_registrations/new.html.erb within layouts/application (Duration: 3.7ms | Allocations: 616)
[Webpacker] Everything's up-to-date. Nothing to do
Completed 200 OK in 20ms (Views: 16.4ms | ActiveRecord: 0.0ms | Allocations: 4046)


Started GET "/user_registrations/new" for ::1 at 2021-07-02 11:30:47 +0530
Processing by UserRegistrationsController#new as HTML
  Rendering user_registrations/new.html.erb within layouts/application
  Rendered user_registrations/new.html.erb within layouts/application (Duration: 9.5ms | Allocations: 616)
[Webpacker] Everything's up-to-date. Nothing to do
Completed 200 OK in 41ms (Views: 39.7ms | ActiveRecord: 0.0ms | Allocations: 4042)


  [1m[35m (2.2ms)[0m  [1m[34mSELECT sqlite_version(*)[0m
  [1m[36mUserRegistration Load (0.4ms)[0m  [1m[34mSELECT "user_registrations".* FROM "user_registrations" ORDER BY "user_registrations"."id" DESC LIMIT ?[0m  [["LIMIT", 1]]
